<?xml version="1.0" encoding="UTF-8"?>
<!-- Generated by org.testng.reporters.JUnitReportReporter -->
<testsuite hostname="samuel-andoh" name="com.maven.me.helloTest" tests="1" failures="0" timestamp="3 Apr 2016 11:13:24 GMT" time="12.105" errors="0">
  <testcase name="me" time="12.105" classname="com.maven.me.helloTest"/>
</testsuite> <!-- com.maven.me.helloTest -->
